<?xml version="1.0" encoding="UTF-8"?>
<testsuite xmlns:xsi="http://www.w3.org/2001/XMLSchema-instance" xsi:noNamespaceSchemaLocation="https://maven.apache.org/surefire/maven-surefire-plugin/xsd/surefire-test-report-3.0.xsd" version="3.0" name="com.hadoop.migration.state.JsonStateManagerTest" time="0.37" tests="4" errors="0" skipped="0" failures="0">
  <properties>
[...]
</properties>
  <testcase name="testRecordResult" classname="com.hadoop.migration.state.JsonStateManagerTest" time="0.36"/>
  <testcase name="testLoadNonExistent" classname="com.hadoop.migration.state.JsonStateManagerTest" time="0.002"/>
  <testcase name="testInitializeAndSave" classname="com.hadoop.migration.state.JsonStateManagerTest" time="0.002"/>
  <testcase name="testMarkCompleted" classname="com.hadoop.migration.state.JsonStateManagerTest" time="0.002"/>
</testsuite>